<?xml version="1.0" encoding="UTF-8"?>
<!-- Generated by org.testng.reporters.JUnitReportReporter -->
<testsuite skipped="0" hostname="Gusts-PC" name="tests.Tests" tests="1" failures="0" timestamp="09 aug. 2019 10:56:52 GMT" time="9.296" errors="0">
  <testcase name="testRespondMessage" time="9.296" classname="tests.Tests"/>
</testsuite> <!-- tests.Tests -->
