<?xml version="1.0" encoding="UTF-8"?>
<!-- Generated by org.testng.reporters.JUnitReportReporter -->
<testsuite skipped="0" hostname="Gusts-PC" name="tests.BaseClass" tests="1" failures="0" timestamp="09 aug. 2019 09:32:43 GMT" time="10.212" errors="0">
  <testcase name="sampleTest" time="10.212" classname="tests.BaseClass"/>
</testsuite> <!-- tests.BaseClass -->
